

Started GET "/assets/rails.png" for 127.0.0.1 at 2013-09-30 18:56:57 -0700
Connecting to database specified by database.yml
Served asset /rails.png - 304 Not Modified (268ms)


Started GET "/movies" for 127.0.0.1 at 2013-09-30 18:57:00 -0700
Processing by MoviesController#index as HTML
Completed 500 Internal Server Error in 2ms

ActiveRecord::StatementInvalid (Could not find table 'movies'):
  app/controllers/movies_controller.rb:10:in `index'


  Rendered /home/saasbook/.rvm/gems/ruby-1.9.3-p448/gems/actionpack-3.2.14/lib/action_dispatch/middleware/templates/rescues/_trace.erb (7.2ms)
  Rendered /home/saasbook/.rvm/gems/ruby-1.9.3-p448/gems/actionpack-3.2.14/lib/action_dispatch/middleware/templates/rescues/_request_and_response.erb (1.9ms)
  Rendered /home/saasbook/.rvm/gems/ruby-1.9.3-p448/gems/actionpack-3.2.14/lib/action_dispatch/middleware/templates/rescues/diagnostics.erb within rescues/layout (209.4ms)
Connecting to database specified by database.yml
Connecting to database specified by database.yml
  [1m[36m (0.2ms)[0m  [1mselect sqlite_version(*)[0m
  [1m[35m (56.2ms)[0m  CREATE TABLE "schema_migrations" ("version" varchar(255) NOT NULL) 
  [1m[36m (37.0ms)[0m  [1mCREATE UNIQUE INDEX "unique_schema_migrations" ON "schema_migrations" ("version")[0m
  [1m[35m (15.7ms)[0m  SELECT "schema_migrations"."version" FROM "schema_migrations" 
Migrating to CreateMovies (20111119180638)
  [1m[36m (0.1ms)[0m  [1mbegin transaction[0m
  [1m[35m (7.9ms)[0m  CREATE TABLE "movies" ("id" INTEGER PRIMARY KEY AUTOINCREMENT NOT NULL, "title" varchar(255), "rating" varchar(255), "description" text, "release_date" datetime, "created_at" datetime NOT NULL, "updated_at" datetime NOT NULL) 
  [1m[36m (1.2ms)[0m  [1mINSERT INTO "schema_migrations" ("version") VALUES ('20111119180638')[0m
  [1m[35m (1.9ms)[0m  commit transaction
  [1m[36m (1.5ms)[0m  [1mSELECT "schema_migrations"."version" FROM "schema_migrations" [0m


Started GET "/movies" for 127.0.0.1 at 2013-10-05 22:48:45 -0700
Connecting to database specified by database.yml
Processing by MoviesController#index as HTML
  [1m[36mMovie Load (0.6ms)[0m  [1mSELECT "movies".* FROM "movies" [0m
  Rendered movies/index.html.haml within layouts/application (117.4ms)
Compiled application.css  (5ms)  (pid 1600)
Compiled jquery.js  (163ms)  (pid 1600)
Compiled jquery_ujs.js  (1ms)  (pid 1600)
Compiled application.js  (361ms)  (pid 1600)
Completed 200 OK in 1396ms (Views: 1303.2ms | ActiveRecord: 0.6ms)


Started GET "/assets/application.css?body=1" for 127.0.0.1 at 2013-10-05 22:48:57 -0700
Served asset /application.css - 200 OK (54ms)


Started GET "/assets/application.js?body=1" for 127.0.0.1 at 2013-10-05 22:48:57 -0700
Served asset /application.js - 200 OK (60ms)


Started GET "/assets/jquery_ujs.js?body=1" for 127.0.0.1 at 2013-10-05 22:48:57 -0700
Served asset /jquery_ujs.js - 200 OK (33ms)


Started GET "/assets/jquery.js?body=1" for 127.0.0.1 at 2013-10-05 22:48:57 -0700
Served asset /jquery.js - 200 OK (47ms)
Connecting to database specified by database.yml
  [1m[36m (9.3ms)[0m  [1mSELECT "schema_migrations"."version" FROM "schema_migrations" [0m
Migrating to CreateMovies (20111119180638)
  [1m[35m (0.6ms)[0m  select sqlite_version(*)
  [1m[36m (0.4ms)[0m  [1mSELECT "schema_migrations"."version" FROM "schema_migrations" [0m
Connecting to database specified by database.yml
  [1m[36m (10.8ms)[0m  [1mSELECT "schema_migrations"."version" FROM "schema_migrations" [0m
  [1m[35m (0.2ms)[0m  begin transaction
  [1m[36mSQL (93.2ms)[0m  [1mINSERT INTO "movies" ("created_at", "description", "rating", "release_date", "title", "updated_at") VALUES (?, ?, ?, ?, ?, ?)[0m  [["created_at", Sun, 06 Oct 2013 05:50:07 UTC +00:00], ["description", nil], ["rating", "G"], ["release_date", Wed, 25 Nov 1992 00:00:00 UTC +00:00], ["title", "Aladdin"], ["updated_at", Sun, 06 Oct 2013 05:50:07 UTC +00:00]]
  [1m[35m (331.3ms)[0m  commit transaction
  [1m[36m (0.3ms)[0m  [1mbegin transaction[0m
  [1m[35mSQL (1.0ms)[0m  INSERT INTO "movies" ("created_at", "description", "rating", "release_date", "title", "updated_at") VALUES (?, ?, ?, ?, ?, ?)  [["created_at", Sun, 06 Oct 2013 05:50:08 UTC +00:00], ["description", nil], ["rating", "R"], ["release_date", Fri, 26 Oct 1984 00:00:00 UTC +00:00], ["title", "The Terminator"], ["updated_at", Sun, 06 Oct 2013 05:50:08 UTC +00:00]]
  [1m[36m (11.3ms)[0m  [1mcommit transaction[0m
  [1m[35m (0.2ms)[0m  begin transaction
  [1m[36mSQL (1.1ms)[0m  [1mINSERT INTO "movies" ("created_at", "description", "rating", "release_date", "title", "updated_at") VALUES (?, ?, ?, ?, ?, ?)[0m  [["created_at", Sun, 06 Oct 2013 05:50:08 UTC +00:00], ["description", nil], ["rating", "R"], ["release_date", Fri, 21 Jul 1989 00:00:00 UTC +00:00], ["title", "When Harry Met Sally"], ["updated_at", Sun, 06 Oct 2013 05:50:08 UTC +00:00]]
  [1m[35m (14.9ms)[0m  commit transaction
  [1m[36m (0.2ms)[0m  [1mbegin transaction[0m
  [1m[35mSQL (1.0ms)[0m  INSERT INTO "movies" ("created_at", "description", "rating", "release_date", "title", "updated_at") VALUES (?, ?, ?, ?, ?, ?)  [["created_at", Sun, 06 Oct 2013 05:50:08 UTC +00:00], ["description", nil], ["rating", "PG-13"], ["release_date", Wed, 10 Aug 2011 00:00:00 UTC +00:00], ["title", "The Help"], ["updated_at", Sun, 06 Oct 2013 05:50:08 UTC +00:00]]
  [1m[36m (11.5ms)[0m  [1mcommit transaction[0m
  [1m[35m (0.3ms)[0m  begin transaction
  [1m[36mSQL (1.1ms)[0m  [1mINSERT INTO "movies" ("created_at", "description", "rating", "release_date", "title", "updated_at") VALUES (?, ?, ?, ?, ?, ?)[0m  [["created_at", Sun, 06 Oct 2013 05:50:08 UTC +00:00], ["description", nil], ["rating", "PG-13"], ["release_date", Fri, 05 Jan 2001 00:00:00 UTC +00:00], ["title", "Chocolat"], ["updated_at", Sun, 06 Oct 2013 05:50:08 UTC +00:00]]
  [1m[35m (10.7ms)[0m  commit transaction
  [1m[36m (0.2ms)[0m  [1mbegin transaction[0m
  [1m[35mSQL (1.6ms)[0m  INSERT INTO "movies" ("created_at", "description", "rating", "release_date", "title", "updated_at") VALUES (?, ?, ?, ?, ?, ?)  [["created_at", Sun, 06 Oct 2013 05:50:08 UTC +00:00], ["description", nil], ["rating", "R"], ["release_date", Wed, 25 Apr 2001 00:00:00 UTC +00:00], ["title", "Amelie"], ["updated_at", Sun, 06 Oct 2013 05:50:08 UTC +00:00]]
  [1m[36m (17.3ms)[0m  [1mcommit transaction[0m
  [1m[35m (0.2ms)[0m  begin transaction
  [1m[36mSQL (1.0ms)[0m  [1mINSERT INTO "movies" ("created_at", "description", "rating", "release_date", "title", "updated_at") VALUES (?, ?, ?, ?, ?, ?)[0m  [["created_at", Sun, 06 Oct 2013 05:50:08 UTC +00:00], ["description", nil], ["rating", "G"], ["release_date", Sat, 06 Apr 1968 00:00:00 UTC +00:00], ["title", "2001: A Space Odyssey"], ["updated_at", Sun, 06 Oct 2013 05:50:08 UTC +00:00]]
  [1m[35m (15.6ms)[0m  commit transaction
  [1m[36m (0.0ms)[0m  [1mbegin transaction[0m
  [1m[35mSQL (1.1ms)[0m  INSERT INTO "movies" ("created_at", "description", "rating", "release_date", "title", "updated_at") VALUES (?, ?, ?, ?, ?, ?)  [["created_at", Sun, 06 Oct 2013 05:50:08 UTC +00:00], ["description", nil], ["rating", "PG"], ["release_date", Fri, 05 Nov 2004 00:00:00 UTC +00:00], ["title", "The Incredibles"], ["updated_at", Sun, 06 Oct 2013 05:50:08 UTC +00:00]]
  [1m[36m (22.3ms)[0m  [1mcommit transaction[0m
  [1m[35m (0.2ms)[0m  begin transaction
  [1m[36mSQL (1.7ms)[0m  [1mINSERT INTO "movies" ("created_at", "description", "rating", "release_date", "title", "updated_at") VALUES (?, ?, ?, ?, ?, ?)[0m  [["created_at", Sun, 06 Oct 2013 05:50:08 UTC +00:00], ["description", nil], ["rating", "PG"], ["release_date", Fri, 12 Jun 1981 00:00:00 UTC +00:00], ["title", "Raiders of the Lost Ark"], ["updated_at", Sun, 06 Oct 2013 05:50:08 UTC +00:00]]
  [1m[35m (18.7ms)[0m  commit transaction
  [1m[36m (0.2ms)[0m  [1mbegin transaction[0m
  [1m[35mSQL (1.0ms)[0m  INSERT INTO "movies" ("created_at", "description", "rating", "release_date", "title", "updated_at") VALUES (?, ?, ?, ?, ?, ?)  [["created_at", Sun, 06 Oct 2013 05:50:08 UTC +00:00], ["description", nil], ["rating", "G"], ["release_date", Wed, 21 Jun 2000 00:00:00 UTC +00:00], ["title", "Chicken Run"], ["updated_at", Sun, 06 Oct 2013 05:50:08 UTC +00:00]]
  [1m[36m (9.9ms)[0m  [1mcommit transaction[0m


Started GET "/movies" for 127.0.0.1 at 2013-10-05 22:53:17 -0700
Connecting to database specified by database.yml
Processing by MoviesController#index as HTML
  [1m[36mMovie Load (1.0ms)[0m  [1mSELECT "movies".* FROM "movies" [0m
  Rendered movies/index.html.haml within layouts/application (74.0ms)
Completed 200 OK in 342ms (Views: 282.8ms | ActiveRecord: 1.0ms)


Started GET "/assets/application.css?body=1" for 127.0.0.1 at 2013-10-05 22:53:23 -0700
Served asset /application.css - 200 OK (82ms)


Started GET "/assets/jquery.js?body=1" for 127.0.0.1 at 2013-10-05 22:53:23 -0700
Served asset /jquery.js - 200 OK (34ms)


Started GET "/assets/jquery_ujs.js?body=1" for 127.0.0.1 at 2013-10-05 22:53:23 -0700
Served asset /jquery_ujs.js - 200 OK (29ms)


Started GET "/assets/application.js?body=1" for 127.0.0.1 at 2013-10-05 22:53:23 -0700
Served asset /application.js - 200 OK (53ms)


Started GET "/movies" for 127.0.0.1 at 2013-10-05 22:58:56 -0700
Processing by MoviesController#index as HTML
  [1m[35mMovie Load (1.0ms)[0m  SELECT "movies".* FROM "movies" 
  Rendered movies/index.html.haml within layouts/application (44.8ms)
Completed 200 OK in 112ms (Views: 66.2ms | ActiveRecord: 1.0ms)


Started GET "/assets/application.css?body=1" for 127.0.0.1 at 2013-10-05 22:58:57 -0700
Served asset /application.css - 304 Not Modified (0ms)


Started GET "/assets/application.js?body=1" for 127.0.0.1 at 2013-10-05 22:58:57 -0700
Served asset /application.js - 304 Not Modified (13ms)


Started GET "/assets/jquery_ujs.js?body=1" for 127.0.0.1 at 2013-10-05 22:58:57 -0700
Served asset /jquery_ujs.js - 304 Not Modified (0ms)


Started GET "/assets/jquery.js?body=1" for 127.0.0.1 at 2013-10-05 22:58:57 -0700
Served asset /jquery.js - 304 Not Modified (9ms)


Started GET "/movies?sort=title" for 127.0.0.1 at 2013-10-05 22:58:59 -0700
Processing by MoviesController#index as HTML
  Parameters: {"sort"=>"title"}
  [1m[36mMovie Load (2.0ms)[0m  [1mSELECT "movies".* FROM "movies" WHERE "movies"."rating" IN ('G', 'PG', 'PG-13', 'R') ORDER BY title[0m
  Rendered movies/index.html.haml within layouts/application (39.7ms)
Completed 200 OK in 152ms (Views: 133.5ms | ActiveRecord: 2.0ms)


Started GET "/assets/application.css?body=1" for 127.0.0.1 at 2013-10-05 22:58:59 -0700
Served asset /application.css - 304 Not Modified (0ms)


Started GET "/assets/jquery.js?body=1" for 127.0.0.1 at 2013-10-05 22:58:59 -0700
Served asset /jquery.js - 304 Not Modified (45ms)


Started GET "/assets/application.js?body=1" for 127.0.0.1 at 2013-10-05 22:58:59 -0700
Served asset /application.js - 304 Not Modified (10ms)


Started GET "/assets/jquery_ujs.js?body=1" for 127.0.0.1 at 2013-10-05 22:58:59 -0700
Served asset /jquery_ujs.js - 304 Not Modified (7ms)


Started GET "/movies?sort=release_date" for 127.0.0.1 at 2013-10-05 22:59:02 -0700
Processing by MoviesController#index as HTML
  Parameters: {"sort"=>"release_date"}
  [1m[35mMovie Load (1.8ms)[0m  SELECT "movies".* FROM "movies" WHERE "movies"."rating" IN ('G', 'PG', 'PG-13', 'R') ORDER BY release_date
  Rendered movies/index.html.haml within layouts/application (44.5ms)
Completed 200 OK in 77ms (Views: 73.6ms | ActiveRecord: 1.8ms)


Started GET "/assets/application.css?body=1" for 127.0.0.1 at 2013-10-05 22:59:02 -0700
Served asset /application.css - 304 Not Modified (0ms)


Started GET "/assets/jquery_ujs.js?body=1" for 127.0.0.1 at 2013-10-05 22:59:02 -0700
Served asset /jquery_ujs.js - 304 Not Modified (0ms)


Started GET "/assets/jquery.js?body=1" for 127.0.0.1 at 2013-10-05 22:59:02 -0700
Served asset /jquery.js - 304 Not Modified (20ms)


Started GET "/assets/application.js?body=1" for 127.0.0.1 at 2013-10-05 22:59:02 -0700
Served asset /application.js - 304 Not Modified (19ms)


Started GET "/movies?sort=title" for 127.0.0.1 at 2013-10-05 23:00:08 -0700
Processing by MoviesController#index as HTML
  Parameters: {"sort"=>"title"}
  [1m[36mMovie Load (1.7ms)[0m  [1mSELECT "movies".* FROM "movies" WHERE "movies"."rating" IN ('G', 'PG', 'PG-13', 'R') ORDER BY title[0m
  Rendered movies/index.html.haml within layouts/application (50.1ms)
Compiled application.css  (1ms)  (pid 1616)
Completed 200 OK in 151ms (Views: 144.8ms | ActiveRecord: 1.7ms)


Started GET "/assets/application.css?body=1" for 127.0.0.1 at 2013-10-05 23:00:08 -0700
Served asset /application.css - 200 OK (63ms)


Started GET "/assets/application.js?body=1" for 127.0.0.1 at 2013-10-05 23:00:08 -0700
Served asset /application.js - 304 Not Modified (4ms)


Started GET "/assets/jquery_ujs.js?body=1" for 127.0.0.1 at 2013-10-05 23:00:08 -0700
Served asset /jquery_ujs.js - 304 Not Modified (0ms)


Started GET "/assets/jquery.js?body=1" for 127.0.0.1 at 2013-10-05 23:00:08 -0700
Served asset /jquery.js - 304 Not Modified (21ms)


Started GET "/movies?sort=release_date" for 127.0.0.1 at 2013-10-05 23:00:10 -0700
Processing by MoviesController#index as HTML
  Parameters: {"sort"=>"release_date"}
  [1m[35mMovie Load (1.4ms)[0m  SELECT "movies".* FROM "movies" WHERE "movies"."rating" IN ('G', 'PG', 'PG-13', 'R') ORDER BY release_date
  Rendered movies/index.html.haml within layouts/application (41.7ms)
Completed 200 OK in 73ms (Views: 70.7ms | ActiveRecord: 1.4ms)


Started GET "/assets/application.css?body=1" for 127.0.0.1 at 2013-10-05 23:00:10 -0700
Served asset /application.css - 304 Not Modified (53ms)


Started GET "/assets/application.js?body=1" for 127.0.0.1 at 2013-10-05 23:00:10 -0700
Served asset /application.js - 304 Not Modified (22ms)


Started GET "/assets/jquery.js?body=1" for 127.0.0.1 at 2013-10-05 23:00:10 -0700
Served asset /jquery.js - 304 Not Modified (23ms)


Started GET "/assets/jquery_ujs.js?body=1" for 127.0.0.1 at 2013-10-05 23:00:10 -0700
Served asset /jquery_ujs.js - 304 Not Modified (1ms)


Started GET "/movies?utf8=%E2%9C%93&ratings%5BG%5D=1&ratings%5BPG%5D=1&ratings%5BR%5D=1&commit=Refresh" for 127.0.0.1 at 2013-10-05 23:00:14 -0700
Processing by MoviesController#index as HTML
  Parameters: {"utf8"=>"✓", "ratings"=>{"G"=>"1", "PG"=>"1", "R"=>"1"}, "commit"=>"Refresh"}
  [1m[36mMovie Load (1.2ms)[0m  [1mSELECT "movies".* FROM "movies" WHERE "movies"."rating" IN ('G', 'PG', 'R') ORDER BY release_date[0m
  Rendered movies/index.html.haml within layouts/application (48.5ms)
Completed 200 OK in 73ms (Views: 70.3ms | ActiveRecord: 1.2ms)


Started GET "/assets/application.css?body=1" for 127.0.0.1 at 2013-10-05 23:00:14 -0700
Served asset /application.css - 304 Not Modified (38ms)


Started GET "/assets/application.js?body=1" for 127.0.0.1 at 2013-10-05 23:00:14 -0700
Served asset /application.js - 304 Not Modified (31ms)


Started GET "/assets/jquery_ujs.js?body=1" for 127.0.0.1 at 2013-10-05 23:00:14 -0700
Served asset /jquery_ujs.js - 304 Not Modified (0ms)


Started GET "/assets/jquery.js?body=1" for 127.0.0.1 at 2013-10-05 23:00:14 -0700
Served asset /jquery.js - 304 Not Modified (26ms)


Started GET "/movies?utf8=%E2%9C%93&ratings%5BG%5D=1&ratings%5BPG%5D=1&commit=Refresh" for 127.0.0.1 at 2013-10-05 23:00:17 -0700
Processing by MoviesController#index as HTML
  Parameters: {"utf8"=>"✓", "ratings"=>{"G"=>"1", "PG"=>"1"}, "commit"=>"Refresh"}
  [1m[35mMovie Load (0.9ms)[0m  SELECT "movies".* FROM "movies" WHERE "movies"."rating" IN ('G', 'PG') ORDER BY release_date
  Rendered movies/index.html.haml within layouts/application (35.3ms)
Completed 200 OK in 70ms (Views: 64.2ms | ActiveRecord: 0.9ms)


Started GET "/assets/application.css?body=1" for 127.0.0.1 at 2013-10-05 23:00:17 -0700
Served asset /application.css - 304 Not Modified (64ms)


Started GET "/assets/application.js?body=1" for 127.0.0.1 at 2013-10-05 23:00:17 -0700
Served asset /application.js - 304 Not Modified (13ms)


Started GET "/assets/jquery.js?body=1" for 127.0.0.1 at 2013-10-05 23:00:17 -0700
Served asset /jquery.js - 304 Not Modified (22ms)


Started GET "/assets/jquery_ujs.js?body=1" for 127.0.0.1 at 2013-10-05 23:00:18 -0700
Served asset /jquery_ujs.js - 304 Not Modified (6ms)


Started GET "/movies?utf8=%E2%9C%93&ratings%5BG%5D=1&commit=Refresh" for 127.0.0.1 at 2013-10-05 23:00:20 -0700
Processing by MoviesController#index as HTML
  Parameters: {"utf8"=>"✓", "ratings"=>{"G"=>"1"}, "commit"=>"Refresh"}
  [1m[36mMovie Load (0.8ms)[0m  [1mSELECT "movies".* FROM "movies" WHERE "movies"."rating" IN ('G') ORDER BY release_date[0m
  Rendered movies/index.html.haml within layouts/application (38.6ms)
Completed 200 OK in 64ms (Views: 59.9ms | ActiveRecord: 0.8ms)


Started GET "/assets/application.css?body=1" for 127.0.0.1 at 2013-10-05 23:00:20 -0700
Served asset /application.css - 304 Not Modified (59ms)


Started GET "/assets/application.js?body=1" for 127.0.0.1 at 2013-10-05 23:00:20 -0700
Served asset /application.js - 304 Not Modified (9ms)


Started GET "/assets/jquery_ujs.js?body=1" for 127.0.0.1 at 2013-10-05 23:00:20 -0700
Served asset /jquery_ujs.js - 304 Not Modified (7ms)


Started GET "/assets/jquery.js?body=1" for 127.0.0.1 at 2013-10-05 23:00:20 -0700
Served asset /jquery.js - 304 Not Modified (17ms)


Started GET "/movies?utf8=%E2%9C%93&commit=Refresh" for 127.0.0.1 at 2013-10-05 23:00:22 -0700
Processing by MoviesController#index as HTML
  Parameters: {"utf8"=>"✓", "commit"=>"Refresh"}
Redirected to http://localhost:3000/movies?ratings%5BG%5D=1&sort=release_date
Completed 302 Found in 11ms (ActiveRecord: 0.0ms)


Started GET "/movies?ratings%5BG%5D=1&sort=release_date" for 127.0.0.1 at 2013-10-05 23:00:22 -0700
Processing by MoviesController#index as HTML
  Parameters: {"ratings"=>{"G"=>"1"}, "sort"=>"release_date"}
  [1m[35mMovie Load (0.9ms)[0m  SELECT "movies".* FROM "movies" WHERE "movies"."rating" IN ('G') ORDER BY release_date
  Rendered movies/index.html.haml within layouts/application (26.0ms)
Completed 200 OK in 57ms (Views: 46.0ms | ActiveRecord: 0.9ms)


Started GET "/assets/application.css?body=1" for 127.0.0.1 at 2013-10-05 23:00:22 -0700
Served asset /application.css - 304 Not Modified (42ms)


Started GET "/assets/application.js?body=1" for 127.0.0.1 at 2013-10-05 23:00:22 -0700
Served asset /application.js - 304 Not Modified (15ms)


Started GET "/assets/jquery_ujs.js?body=1" for 127.0.0.1 at 2013-10-05 23:00:22 -0700
Served asset /jquery_ujs.js - 304 Not Modified (3ms)


Started GET "/assets/jquery.js?body=1" for 127.0.0.1 at 2013-10-05 23:00:22 -0700
Served asset /jquery.js - 304 Not Modified (14ms)


Started GET "/movies?sort=title" for 127.0.0.1 at 2013-10-05 23:00:24 -0700
Processing by MoviesController#index as HTML
  Parameters: {"sort"=>"title"}
  [1m[36mMovie Load (1.3ms)[0m  [1mSELECT "movies".* FROM "movies" WHERE "movies"."rating" IN ('G', 'PG', 'PG-13', 'R') ORDER BY title[0m
  Rendered movies/index.html.haml within layouts/application (38.5ms)
Completed 200 OK in 58ms (Views: 55.2ms | ActiveRecord: 1.3ms)


Started GET "/assets/application.css?body=1" for 127.0.0.1 at 2013-10-05 23:00:24 -0700
Served asset /application.css - 304 Not Modified (207ms)


Started GET "/assets/application.js?body=1" for 127.0.0.1 at 2013-10-05 23:00:24 -0700
Served asset /application.js - 304 Not Modified (22ms)


Started GET "/assets/jquery_ujs.js?body=1" for 127.0.0.1 at 2013-10-05 23:00:24 -0700
Served asset /jquery_ujs.js - 304 Not Modified (12ms)


Started GET "/assets/jquery.js?body=1" for 127.0.0.1 at 2013-10-05 23:00:25 -0700
Served asset /jquery.js - 304 Not Modified (30ms)


Started GET "/movies?utf8=%E2%9C%93&ratings%5BG%5D=1&ratings%5BPG%5D=1&commit=Refresh" for 127.0.0.1 at 2013-10-05 23:06:30 -0700
Processing by MoviesController#index as HTML
  Parameters: {"utf8"=>"✓", "ratings"=>{"G"=>"1", "PG"=>"1"}, "commit"=>"Refresh"}
  [1m[35mMovie Load (1.9ms)[0m  SELECT "movies".* FROM "movies" WHERE "movies"."rating" IN ('G', 'PG') ORDER BY title
  Rendered movies/index.html.haml within layouts/application (39.1ms)
Completed 200 OK in 88ms (Views: 84.6ms | ActiveRecord: 1.9ms)


Started GET "/assets/application.css?body=1" for 127.0.0.1 at 2013-10-05 23:06:30 -0700
Served asset /application.css - 304 Not Modified (53ms)


Started GET "/assets/jquery_ujs.js?body=1" for 127.0.0.1 at 2013-10-05 23:06:30 -0700
Served asset /jquery_ujs.js - 304 Not Modified (1ms)


Started GET "/assets/jquery.js?body=1" for 127.0.0.1 at 2013-10-05 23:06:30 -0700
Served asset /jquery.js - 304 Not Modified (12ms)


Started GET "/assets/application.js?body=1" for 127.0.0.1 at 2013-10-05 23:06:30 -0700
Served asset /application.js - 304 Not Modified (6ms)
